<?xml version="1.0" encoding="UTF-8"?>
<testsuite name="org.example.UserRegistrationTest" tests="1" skipped="0" failures="0" errors="0" timestamp="2021-08-04T06:07:51" hostname="DESKTOP-FR29MEN" time="0.004">
  <properties/>
  <testcase name="givenLastnameshouldbeTrue" classname="org.example.UserRegistrationTest" time="0.004"/>
  <system-out><![CDATA[]]></system-out>
  <system-err><![CDATA[]]></system-err>
</testsuite>
