<?xml version="1.0" encoding="UTF-8"?>
<testsuite name="org.example.UserRegistrationTest" tests="1" skipped="0" failures="0" errors="0" timestamp="2021-08-04T05:51:11" hostname="DESKTOP-FR29MEN" time="0.006">
  <properties/>
  <testcase name="givenfirstnameshouldbeTrue" classname="org.example.UserRegistrationTest" time="0.006"/>
  <system-out><![CDATA[]]></system-out>
  <system-err><![CDATA[]]></system-err>
</testsuite>
