<?xml version="1.0" encoding="UTF-8"?>
<testsuite name="org.example.UserRegistrationTest" tests="1" skipped="0" failures="0" errors="0" timestamp="2021-08-04T07:57:02" hostname="DESKTOP-FR29MEN" time="0.003">
  <properties/>
  <testcase name="validateforemail" classname="org.example.UserRegistrationTest" time="0.003"/>
  <system-out><![CDATA[]]></system-out>
  <system-err><![CDATA[]]></system-err>
</testsuite>
